<?xml version="1.0" encoding="UTF-8"?>
<!-- Generated by org.testng.reporters.JUnitReportReporter -->
<testsuite hostname="Windows11" failures="0" tests="3" name="com.SalesForceLogintests.NegativeLoginTest" time="2.691" errors="0" timestamp="2022-02-20T18:28:29 EST" skipped="0">
  <testcase classname="com.SalesForceLogintests.NegativeLoginTest" name="userNameButton" time="0.096"/>
  <testcase classname="com.SalesForceLogintests.NegativeLoginTest" name="passwordButton" time="0.048"/>
  <testcase classname="com.SalesForceLogintests.NegativeLoginTest" name="signiButton" time="2.547"/>
</testsuite> <!-- com.SalesForceLogintests.NegativeLoginTest -->
