<?xml version="1.0" encoding="UTF-8"?>
<!-- Generated by org.testng.reporters.JUnitReportReporter -->
<testsuite hostname="Windows11" failures="0" tests="1" name="com.SalesForce.TestOne" time="0.009" errors="0" timestamp="2022-02-21T15:23:39 EST" skipped="0">
  <testcase classname="com.SalesForce.TestOne" name="loginTest" time="0.009"/>
</testsuite> <!-- com.SalesForce.TestOne -->
