<?xml version="1.0" encoding="UTF-8"?>
<!-- Generated by org.testng.reporters.JUnitReportReporter -->
<testsuite hostname="Windows11" failures="0" tests="1" name="com.SalesForce.TestOne" time="0.006" errors="0" timestamp="2022-02-17T19:17:37 EST" skipped="0">
  <testcase classname="com.SalesForce.TestOne" name="loginTest" time="0.006"/>
</testsuite> <!-- com.SalesForce.TestOne -->
